app/build/intermediates/manifest_merge_blame_file/debug/manifest-merger-blame-debug-report.txt
1<?xml version="1.0" encoding="utf-8"?>
2<manifest xmlns:android="http://schemas.android.com/apk/res/android"
3    package="com.example.myapplication"
4    android:versionCode="1"
5    android:versionName="1.0" >
6
7    <uses-sdk
8        android:minSdkVersion="15"
8-->src\main\AndroidManifest.xml
9        android:targetSdkVersion="29" />
9-->src\main\AndroidManifest.xml
10
11    <application
11-->src\main\AndroidManifest.xml:5:5-26:19
12        android:allowBackup="true"
12-->src\main\AndroidManifest.xml:6:9-35
13        android:appComponentFactory="androidx.core.app.CoreComponentFactory"
13-->[androidx.core:core:1.1.0] AndroidManifest.xml:24:18-86
14        android:debuggable="true"
15        android:icon="@mipmap/ic_launcher"
15-->src\main\AndroidManifest.xml:7:9-43
16        android:label="@string/app_name"
16-->src\main\AndroidManifest.xml:8:9-41
17        android:roundIcon="@mipmap/ic_launcher_round"
17-->src\main\AndroidManifest.xml:9:9-54
18        android:supportsRtl="true"
18-->src\main\AndroidManifest.xml:10:9-35
19        android:testOnly="true"
20        android:theme="@style/AppTheme" >
20-->src\main\AndroidManifest.xml:11:9-40
21        <activity
21-->src\main\AndroidManifest.xml:12:9-14:20
22            android:name="com.csfu.cpsc41101.studentapplication.StudentDetailActivity"
22-->src\main\AndroidManifest.xml:12:19-56
23            android:parentActivityName="com.csfu.cpsc41101.studentapplication.SummaryLVActivity" >
23-->src\main\AndroidManifest.xml:13:13-97
24        </activity>
25        <activity
25-->src\main\AndroidManifest.xml:15:9-17:20
26            android:name="com.csfu.cpsc41101.studentapplication.AddStud"
26-->src\main\AndroidManifest.xml:15:19-42
27            android:parentActivityName="com.csfu.cpsc41101.studentapplication.SummaryLVActivity" >
27-->src\main\AndroidManifest.xml:16:13-97
28        </activity>
29        <activity
29-->src\main\AndroidManifest.xml:18:9-25:20
30            android:name="com.csfu.cpsc41101.studentapplication.SummaryLVActivity"
30-->src\main\AndroidManifest.xml:18:19-89
31            android:launchMode="singleTop" >
31-->src\main\AndroidManifest.xml:19:13-43
32            <intent-filter>
32-->src\main\AndroidManifest.xml:20:13-24:29
33                <action android:name="android.intent.action.MAIN" />
33-->src\main\AndroidManifest.xml:21:17-69
33-->src\main\AndroidManifest.xml:21:25-66
34
35                <category android:name="android.intent.category.LAUNCHER" />
35-->src\main\AndroidManifest.xml:23:17-77
35-->src\main\AndroidManifest.xml:23:27-74
36            </intent-filter>
37        </activity>
38    </application>
39
40</manifest>